-------------------------------------------------------------------------------
Test set: net.javaguides.springboot.SpringbootBackendApplicationTests
-------------------------------------------------------------------------------
Tests run: 1, Failures: 0, Errors: 1, Skipped: 0, Time elapsed: 0.488 s <<< FAILURE! - in net.javaguides.springboot.SpringbootBackendApplicationTests
net.javaguides.springboot.SpringbootBackendApplicationTests  Time elapsed: 0.485 s  <<< ERROR!
java.lang.IllegalStateException: Unable to find a @SpringBootConfiguration, you need to use @ContextConfiguration or @SpringBootTest(classes=...) with your test

